  Activating project at `/data/gpfs/projects/punim0638/stephenz/locaTE-paper/data/simulated/Synthetic_1000/dyn-BFStrange/dyn-BFStrange-1000-10/pidc_env`
    Updating registry at `~/.julia/registries/General.toml`
   Resolving package versions...
  No Changes to `/data/gpfs/projects/punim0638/stephenz/locaTE-paper/data/simulated/Synthetic_1000/dyn-BFStrange/dyn-BFStrange-1000-10/pidc_env/Project.toml`
  No Changes to `/data/gpfs/projects/punim0638/stephenz/locaTE-paper/data/simulated/Synthetic_1000/dyn-BFStrange/dyn-BFStrange-1000-10/pidc_env/Manifest.toml`
Getting nodes...
Inferring network...
cat: write error: Broken pipe
2023-10-04 23:35:06.560054
2023-10-04 23:35:06.922054

real	0m1.652s
user	0m0.009s
sys	0m0.010s
cat: write error: Broken pipe
2023-10-04 23:35:13.405918
2023-10-04 23:35:13.481228

real	0m0.984s
user	0m0.011s
sys	0m0.008s
cat: write error: Broken pipe
Traceback (most recent call last):
  File "infodynamics.measures.continuous.TransferEntropyCommon.java", line -1, in infodynamics.measures.continuous.TransferEntropyCommon.setObservations
Exception: Java Exception

The above exception was the direct cause of the following exception:

Traceback (most recent call last):
  File "/data/gpfs/projects/punim0638/stephenz/locaTE-paper/data/simulated/Synthetic_1000/dyn-BFStrange/dyn-BFStrange-1000-10/tenet/runTE.py", line 67, in <module>
    teCalc.setObservations(JArray(JDouble, 1)(expression_data[0]), JArray(JDouble, 1)(expression_data[1]))
java.lang.java.lang.ArrayIndexOutOfBoundsException: java.lang.ArrayIndexOutOfBoundsException: Index 0 out of bounds for length 0

real	0m0.808s
user	0m0.009s
sys	0m0.009s
cat: 'outputs/*.csv': No such file or directory
cat: write error: Broken pipe
2023-10-04 23:35:25.644900
2023-10-04 23:35:25.985606

real	0m1.583s
user	0m0.010s
sys	0m0.007s
cat: write error: Broken pipe
2023-10-04 23:35:32.408186
2023-10-04 23:35:32.474846

real	0m0.987s
user	0m0.009s
sys	0m0.009s
cat: write error: Broken pipe
Traceback (most recent call last):
  File "infodynamics.measures.continuous.TransferEntropyCommon.java", line -1, in infodynamics.measures.continuous.TransferEntropyCommon.setObservations
Exception: Java Exception

The above exception was the direct cause of the following exception:

Traceback (most recent call last):
  File "/data/gpfs/projects/punim0638/stephenz/locaTE-paper/data/simulated/Synthetic_1000/dyn-BFStrange/dyn-BFStrange-1000-10/tenet/runTE.py", line 67, in <module>
    teCalc.setObservations(JArray(JDouble, 1)(expression_data[0]), JArray(JDouble, 1)(expression_data[1]))
java.lang.java.lang.ArrayIndexOutOfBoundsException: java.lang.ArrayIndexOutOfBoundsException: Index 0 out of bounds for length 0

real	0m0.866s
user	0m0.008s
sys	0m0.010s
cat: 'outputs/*.csv': No such file or directory
cat: write error: Broken pipe
2023-10-04 23:35:44.747965
2023-10-04 23:35:45.078203

real	0m1.575s
user	0m0.011s
sys	0m0.008s
cat: write error: Broken pipe
2023-10-04 23:35:51.480042
2023-10-04 23:35:51.546469

real	0m0.950s
user	0m0.010s
sys	0m0.008s
cat: write error: Broken pipe
Traceback (most recent call last):
  File "infodynamics.measures.continuous.TransferEntropyCommon.java", line -1, in infodynamics.measures.continuous.TransferEntropyCommon.setObservations
Exception: Java Exception

The above exception was the direct cause of the following exception:

Traceback (most recent call last):
  File "/data/gpfs/projects/punim0638/stephenz/locaTE-paper/data/simulated/Synthetic_1000/dyn-BFStrange/dyn-BFStrange-1000-10/tenet/runTE.py", line 67, in <module>
    teCalc.setObservations(JArray(JDouble, 1)(expression_data[0]), JArray(JDouble, 1)(expression_data[1]))
java.lang.java.lang.ArrayIndexOutOfBoundsException: java.lang.ArrayIndexOutOfBoundsException: Index 0 out of bounds for length 0

real	0m0.855s
user	0m0.010s
sys	0m0.008s
cat: 'outputs/*.csv': No such file or directory
cat: write error: Broken pipe
2023-10-04 23:36:03.770037
2023-10-04 23:36:04.128606

real	0m1.608s
user	0m0.009s
sys	0m0.009s
cat: write error: Broken pipe
2023-10-04 23:36:10.605492
2023-10-04 23:36:10.780164

real	0m1.178s
user	0m0.010s
sys	0m0.009s
cat: write error: Broken pipe
Traceback (most recent call last):
  File "infodynamics.measures.continuous.TransferEntropyCommon.java", line -1, in infodynamics.measures.continuous.TransferEntropyCommon.setObservations
Exception: Java Exception

The above exception was the direct cause of the following exception:

Traceback (most recent call last):
  File "/data/gpfs/projects/punim0638/stephenz/locaTE-paper/data/simulated/Synthetic_1000/dyn-BFStrange/dyn-BFStrange-1000-10/tenet/runTE.py", line 67, in <module>
    teCalc.setObservations(JArray(JDouble, 1)(expression_data[0]), JArray(JDouble, 1)(expression_data[1]))
java.lang.java.lang.ArrayIndexOutOfBoundsException: java.lang.ArrayIndexOutOfBoundsException: Index 0 out of bounds for length 0

real	0m0.838s
user	0m0.007s
sys	0m0.011s
cat: 'outputs/*.csv': No such file or directory
cat: write error: Broken pipe
2023-10-04 23:36:22.996227
2023-10-04 23:36:23.435696

real	0m1.736s
user	0m0.008s
sys	0m0.009s
cat: write error: Broken pipe
2023-10-04 23:36:29.995014
2023-10-04 23:36:30.592453

real	0m1.827s
user	0m0.009s
sys	0m0.009s
cat: write error: Broken pipe
Traceback (most recent call last):
  File "infodynamics.measures.continuous.TransferEntropyCommon.java", line -1, in infodynamics.measures.continuous.TransferEntropyCommon.setObservations
Exception: Java Exception

The above exception was the direct cause of the following exception:

Traceback (most recent call last):
  File "/data/gpfs/projects/punim0638/stephenz/locaTE-paper/data/simulated/Synthetic_1000/dyn-BFStrange/dyn-BFStrange-1000-10/tenet/runTE.py", line 67, in <module>
    teCalc.setObservations(JArray(JDouble, 1)(expression_data[0]), JArray(JDouble, 1)(expression_data[1]))
java.lang.java.lang.ArrayIndexOutOfBoundsException: java.lang.ArrayIndexOutOfBoundsException: Index 0 out of bounds for length 0

real	0m0.832s
user	0m0.009s
sys	0m0.009s
cat: 'outputs/*.csv': No such file or directory
cat: write error: Broken pipe
2023-10-04 23:36:43.161052
2023-10-04 23:36:44.006352

real	0m2.598s
user	0m0.008s
sys	0m0.009s
cat: write error: Broken pipe
2023-10-04 23:36:50.793225
2023-10-04 23:36:50.957895

real	0m1.177s
user	0m0.009s
sys	0m0.009s
cat: write error: Broken pipe
Traceback (most recent call last):
  File "infodynamics.measures.continuous.TransferEntropyCommon.java", line -1, in infodynamics.measures.continuous.TransferEntropyCommon.setObservations
Exception: Java Exception

The above exception was the direct cause of the following exception:

Traceback (most recent call last):
  File "/data/gpfs/projects/punim0638/stephenz/locaTE-paper/data/simulated/Synthetic_1000/dyn-BFStrange/dyn-BFStrange-1000-10/tenet/runTE.py", line 67, in <module>
    teCalc.setObservations(JArray(JDouble, 1)(expression_data[0]), JArray(JDouble, 1)(expression_data[1]))
java.lang.java.lang.ArrayIndexOutOfBoundsException: java.lang.ArrayIndexOutOfBoundsException: Index 0 out of bounds for length 0

real	0m0.853s
user	0m0.008s
sys	0m0.009s
cat: 'outputs/*.csv': No such file or directory
cat: write error: Broken pipe
2023-10-04 23:37:03.544897
2023-10-04 23:37:05.461725

real	0m3.852s
user	0m0.008s
sys	0m0.010s
cat: write error: Broken pipe
2023-10-04 23:37:12.337721
2023-10-04 23:37:12.742862

real	0m1.733s
user	0m0.009s
sys	0m0.009s
cat: write error: Broken pipe
Traceback (most recent call last):
  File "infodynamics.measures.continuous.TransferEntropyCommon.java", line -1, in infodynamics.measures.continuous.TransferEntropyCommon.setObservations
Exception: Java Exception

The above exception was the direct cause of the following exception:

Traceback (most recent call last):
  File "/data/gpfs/projects/punim0638/stephenz/locaTE-paper/data/simulated/Synthetic_1000/dyn-BFStrange/dyn-BFStrange-1000-10/tenet/runTE.py", line 67, in <module>
    teCalc.setObservations(JArray(JDouble, 1)(expression_data[0]), JArray(JDouble, 1)(expression_data[1]))
java.lang.java.lang.ArrayIndexOutOfBoundsException: java.lang.ArrayIndexOutOfBoundsException: Index 0 out of bounds for length 0

real	0m0.862s
user	0m0.010s
sys	0m0.008s
cat: 'outputs/*.csv': No such file or directory
cat: write error: Broken pipe
2023-10-04 23:37:25.412396
2023-10-04 23:37:25.582168

real	0m1.155s
user	0m0.010s
sys	0m0.008s
cat: write error: Broken pipe
2023-10-04 23:37:31.834480
2023-10-04 23:37:31.872011

real	0m0.982s
user	0m0.008s
sys	0m0.010s
cat: write error: Broken pipe
Traceback (most recent call last):
  File "infodynamics.measures.continuous.TransferEntropyCommon.java", line -1, in infodynamics.measures.continuous.TransferEntropyCommon.setObservations
Exception: Java Exception

The above exception was the direct cause of the following exception:

Traceback (most recent call last):
  File "/data/gpfs/projects/punim0638/stephenz/locaTE-paper/data/simulated/Synthetic_1000/dyn-BFStrange/dyn-BFStrange-1000-10/tenet/runTE.py", line 67, in <module>
    teCalc.setObservations(JArray(JDouble, 1)(expression_data[0]), JArray(JDouble, 1)(expression_data[1]))
java.lang.java.lang.ArrayIndexOutOfBoundsException: java.lang.ArrayIndexOutOfBoundsException: Index 0 out of bounds for length 0

real	0m0.822s
user	0m0.009s
sys	0m0.009s
cat: 'outputs/*.csv': No such file or directory
mkdir: cannot create directory ‘SCODE_D_2’: File exists
┌ Warning: Assignment to `WZ` in soft scope is ambiguous because a global variable by the same name exists: `WZ` will be treated as a new local. Disambiguate by using `local WZ` to suppress this warning or `global WZ` to assign to the existing global variable.
└ @ ~/stephenz/locaTE-paper/tools/SCODE/SCODE.jl:69
a
┌ Warning: Assignment to `WZ` in soft scope is ambiguous because a global variable by the same name exists: `WZ` will be treated as a new local. Disambiguate by using `local WZ` to suppress this warning or `global WZ` to assign to the existing global variable.
└ @ ~/stephenz/locaTE-paper/tools/SCODE/SCODE.jl:69
a
ERROR: LoadError: BoundsError: attempt to access data frame with 0 columns at index [2]
Stacktrace:
 [1] getindex
   @ ~/.julia/packages/DataFrames/LteEl/src/other/index.jl:193 [inlined]
 [2] getindex(df::DataFrame, row_inds::UnitRange{Int64}, col_ind::Int64)
   @ DataFrames ~/.julia/packages/DataFrames/LteEl/src/dataframe/dataframe.jl:525
 [3] top-level scope
   @ ~/stephenz/locaTE-paper/tools/SCODE/SCODE.jl:29
in expression starting at /home/stephenz/stephenz/locaTE-paper/tools/SCODE/SCODE.jl:29
a
mv: cannot stat 'SCODE_D_2/A.txt': No such file or directory
mkdir: cannot create directory ‘SCODE_D_4’: File exists
┌ Warning: Assignment to `WZ` in soft scope is ambiguous because a global variable by the same name exists: `WZ` will be treated as a new local. Disambiguate by using `local WZ` to suppress this warning or `global WZ` to assign to the existing global variable.
└ @ ~/stephenz/locaTE-paper/tools/SCODE/SCODE.jl:69
a
┌ Warning: Assignment to `WZ` in soft scope is ambiguous because a global variable by the same name exists: `WZ` will be treated as a new local. Disambiguate by using `local WZ` to suppress this warning or `global WZ` to assign to the existing global variable.
└ @ ~/stephenz/locaTE-paper/tools/SCODE/SCODE.jl:69
a
ERROR: LoadError: BoundsError: attempt to access data frame with 0 columns at index [2]
Stacktrace:
 [1] getindex
   @ ~/.julia/packages/DataFrames/LteEl/src/other/index.jl:193 [inlined]
 [2] getindex(df::DataFrame, row_inds::UnitRange{Int64}, col_ind::Int64)
   @ DataFrames ~/.julia/packages/DataFrames/LteEl/src/dataframe/dataframe.jl:525
 [3] top-level scope
   @ ~/stephenz/locaTE-paper/tools/SCODE/SCODE.jl:29
in expression starting at /home/stephenz/stephenz/locaTE-paper/tools/SCODE/SCODE.jl:29
a
mv: cannot stat 'SCODE_D_4/A.txt': No such file or directory
mkdir: cannot create directory ‘SCODE_D_6’: File exists
┌ Warning: Assignment to `WZ` in soft scope is ambiguous because a global variable by the same name exists: `WZ` will be treated as a new local. Disambiguate by using `local WZ` to suppress this warning or `global WZ` to assign to the existing global variable.
└ @ ~/stephenz/locaTE-paper/tools/SCODE/SCODE.jl:69
a
┌ Warning: Assignment to `WZ` in soft scope is ambiguous because a global variable by the same name exists: `WZ` will be treated as a new local. Disambiguate by using `local WZ` to suppress this warning or `global WZ` to assign to the existing global variable.
└ @ ~/stephenz/locaTE-paper/tools/SCODE/SCODE.jl:69
a
ERROR: LoadError: BoundsError: attempt to access data frame with 0 columns at index [2]
Stacktrace:
 [1] getindex
   @ ~/.julia/packages/DataFrames/LteEl/src/other/index.jl:193 [inlined]
 [2] getindex(df::DataFrame, row_inds::UnitRange{Int64}, col_ind::Int64)
   @ DataFrames ~/.julia/packages/DataFrames/LteEl/src/dataframe/dataframe.jl:525
 [3] top-level scope
   @ ~/stephenz/locaTE-paper/tools/SCODE/SCODE.jl:29
in expression starting at /home/stephenz/stephenz/locaTE-paper/tools/SCODE/SCODE.jl:29
a
mv: cannot stat 'SCODE_D_6/A.txt': No such file or directory
mkdir: cannot create directory ‘SCODE_D_8’: File exists
┌ Warning: Assignment to `WZ` in soft scope is ambiguous because a global variable by the same name exists: `WZ` will be treated as a new local. Disambiguate by using `local WZ` to suppress this warning or `global WZ` to assign to the existing global variable.
└ @ ~/stephenz/locaTE-paper/tools/SCODE/SCODE.jl:69
a
┌ Warning: Assignment to `WZ` in soft scope is ambiguous because a global variable by the same name exists: `WZ` will be treated as a new local. Disambiguate by using `local WZ` to suppress this warning or `global WZ` to assign to the existing global variable.
└ @ ~/stephenz/locaTE-paper/tools/SCODE/SCODE.jl:69
a
ERROR: LoadError: BoundsError: attempt to access data frame with 0 columns at index [2]
Stacktrace:
 [1] getindex
   @ ~/.julia/packages/DataFrames/LteEl/src/other/index.jl:193 [inlined]
 [2] getindex(df::DataFrame, row_inds::UnitRange{Int64}, col_ind::Int64)
   @ DataFrames ~/.julia/packages/DataFrames/LteEl/src/dataframe/dataframe.jl:525
 [3] top-level scope
   @ ~/stephenz/locaTE-paper/tools/SCODE/SCODE.jl:29
in expression starting at /home/stephenz/stephenz/locaTE-paper/tools/SCODE/SCODE.jl:29
a
mv: cannot stat 'SCODE_D_8/A.txt': No such file or directory
mkdir: cannot create directory ‘SCODE_D_2’: File exists
┌ Warning: Assignment to `WZ` in soft scope is ambiguous because a global variable by the same name exists: `WZ` will be treated as a new local. Disambiguate by using `local WZ` to suppress this warning or `global WZ` to assign to the existing global variable.
└ @ ~/stephenz/locaTE-paper/tools/SCODE/SCODE.jl:69
a
┌ Warning: Assignment to `WZ` in soft scope is ambiguous because a global variable by the same name exists: `WZ` will be treated as a new local. Disambiguate by using `local WZ` to suppress this warning or `global WZ` to assign to the existing global variable.
└ @ ~/stephenz/locaTE-paper/tools/SCODE/SCODE.jl:69
a
ERROR: LoadError: BoundsError: attempt to access data frame with 0 columns at index [2]
Stacktrace:
 [1] getindex
   @ ~/.julia/packages/DataFrames/LteEl/src/other/index.jl:193 [inlined]
 [2] getindex(df::DataFrame, row_inds::UnitRange{Int64}, col_ind::Int64)
   @ DataFrames ~/.julia/packages/DataFrames/LteEl/src/dataframe/dataframe.jl:525
 [3] top-level scope
   @ ~/stephenz/locaTE-paper/tools/SCODE/SCODE.jl:29
in expression starting at /home/stephenz/stephenz/locaTE-paper/tools/SCODE/SCODE.jl:29
a
mv: cannot stat 'SCODE_D_2/A.txt': No such file or directory
mkdir: cannot create directory ‘SCODE_D_4’: File exists
┌ Warning: Assignment to `WZ` in soft scope is ambiguous because a global variable by the same name exists: `WZ` will be treated as a new local. Disambiguate by using `local WZ` to suppress this warning or `global WZ` to assign to the existing global variable.
└ @ ~/stephenz/locaTE-paper/tools/SCODE/SCODE.jl:69
a
┌ Warning: Assignment to `WZ` in soft scope is ambiguous because a global variable by the same name exists: `WZ` will be treated as a new local. Disambiguate by using `local WZ` to suppress this warning or `global WZ` to assign to the existing global variable.
└ @ ~/stephenz/locaTE-paper/tools/SCODE/SCODE.jl:69
a
ERROR: LoadError: BoundsError: attempt to access data frame with 0 columns at index [2]
Stacktrace:
 [1] getindex
   @ ~/.julia/packages/DataFrames/LteEl/src/other/index.jl:193 [inlined]
 [2] getindex(df::DataFrame, row_inds::UnitRange{Int64}, col_ind::Int64)
   @ DataFrames ~/.julia/packages/DataFrames/LteEl/src/dataframe/dataframe.jl:525
 [3] top-level scope
   @ ~/stephenz/locaTE-paper/tools/SCODE/SCODE.jl:29
in expression starting at /home/stephenz/stephenz/locaTE-paper/tools/SCODE/SCODE.jl:29
a
mv: cannot stat 'SCODE_D_4/A.txt': No such file or directory
mkdir: cannot create directory ‘SCODE_D_6’: File exists
┌ Warning: Assignment to `WZ` in soft scope is ambiguous because a global variable by the same name exists: `WZ` will be treated as a new local. Disambiguate by using `local WZ` to suppress this warning or `global WZ` to assign to the existing global variable.
└ @ ~/stephenz/locaTE-paper/tools/SCODE/SCODE.jl:69
a
┌ Warning: Assignment to `WZ` in soft scope is ambiguous because a global variable by the same name exists: `WZ` will be treated as a new local. Disambiguate by using `local WZ` to suppress this warning or `global WZ` to assign to the existing global variable.
└ @ ~/stephenz/locaTE-paper/tools/SCODE/SCODE.jl:69
a
ERROR: LoadError: BoundsError: attempt to access data frame with 0 columns at index [2]
Stacktrace:
 [1] getindex
   @ ~/.julia/packages/DataFrames/LteEl/src/other/index.jl:193 [inlined]
 [2] getindex(df::DataFrame, row_inds::UnitRange{Int64}, col_ind::Int64)
   @ DataFrames ~/.julia/packages/DataFrames/LteEl/src/dataframe/dataframe.jl:525
 [3] top-level scope
   @ ~/stephenz/locaTE-paper/tools/SCODE/SCODE.jl:29
in expression starting at /home/stephenz/stephenz/locaTE-paper/tools/SCODE/SCODE.jl:29
a
mv: cannot stat 'SCODE_D_6/A.txt': No such file or directory
mkdir: cannot create directory ‘SCODE_D_8’: File exists
┌ Warning: Assignment to `WZ` in soft scope is ambiguous because a global variable by the same name exists: `WZ` will be treated as a new local. Disambiguate by using `local WZ` to suppress this warning or `global WZ` to assign to the existing global variable.
└ @ ~/stephenz/locaTE-paper/tools/SCODE/SCODE.jl:69
a
┌ Warning: Assignment to `WZ` in soft scope is ambiguous because a global variable by the same name exists: `WZ` will be treated as a new local. Disambiguate by using `local WZ` to suppress this warning or `global WZ` to assign to the existing global variable.
└ @ ~/stephenz/locaTE-paper/tools/SCODE/SCODE.jl:69
a
ERROR: LoadError: BoundsError: attempt to access data frame with 0 columns at index [2]
Stacktrace:
 [1] getindex
   @ ~/.julia/packages/DataFrames/LteEl/src/other/index.jl:193 [inlined]
 [2] getindex(df::DataFrame, row_inds::UnitRange{Int64}, col_ind::Int64)
   @ DataFrames ~/.julia/packages/DataFrames/LteEl/src/dataframe/dataframe.jl:525
 [3] top-level scope
   @ ~/stephenz/locaTE-paper/tools/SCODE/SCODE.jl:29
in expression starting at /home/stephenz/stephenz/locaTE-paper/tools/SCODE/SCODE.jl:29
a
mv: cannot stat 'SCODE_D_8/A.txt': No such file or directory
mkdir: cannot create directory ‘SCODE_D_2’: File exists
┌ Warning: Assignment to `WZ` in soft scope is ambiguous because a global variable by the same name exists: `WZ` will be treated as a new local. Disambiguate by using `local WZ` to suppress this warning or `global WZ` to assign to the existing global variable.
└ @ ~/stephenz/locaTE-paper/tools/SCODE/SCODE.jl:69
a
┌ Warning: Assignment to `WZ` in soft scope is ambiguous because a global variable by the same name exists: `WZ` will be treated as a new local. Disambiguate by using `local WZ` to suppress this warning or `global WZ` to assign to the existing global variable.
└ @ ~/stephenz/locaTE-paper/tools/SCODE/SCODE.jl:69
a
ERROR: LoadError: BoundsError: attempt to access data frame with 0 columns at index [2]
Stacktrace:
 [1] getindex
   @ ~/.julia/packages/DataFrames/LteEl/src/other/index.jl:193 [inlined]
 [2] getindex(df::DataFrame, row_inds::UnitRange{Int64}, col_ind::Int64)
   @ DataFrames ~/.julia/packages/DataFrames/LteEl/src/dataframe/dataframe.jl:525
 [3] top-level scope
   @ ~/stephenz/locaTE-paper/tools/SCODE/SCODE.jl:29
in expression starting at /home/stephenz/stephenz/locaTE-paper/tools/SCODE/SCODE.jl:29
a
mv: cannot stat 'SCODE_D_2/A.txt': No such file or directory
mkdir: cannot create directory ‘SCODE_D_4’: File exists
┌ Warning: Assignment to `WZ` in soft scope is ambiguous because a global variable by the same name exists: `WZ` will be treated as a new local. Disambiguate by using `local WZ` to suppress this warning or `global WZ` to assign to the existing global variable.
└ @ ~/stephenz/locaTE-paper/tools/SCODE/SCODE.jl:69
a
┌ Warning: Assignment to `WZ` in soft scope is ambiguous because a global variable by the same name exists: `WZ` will be treated as a new local. Disambiguate by using `local WZ` to suppress this warning or `global WZ` to assign to the existing global variable.
└ @ ~/stephenz/locaTE-paper/tools/SCODE/SCODE.jl:69
a
ERROR: LoadError: BoundsError: attempt to access data frame with 0 columns at index [2]
Stacktrace:
 [1] getindex
   @ ~/.julia/packages/DataFrames/LteEl/src/other/index.jl:193 [inlined]
 [2] getindex(df::DataFrame, row_inds::UnitRange{Int64}, col_ind::Int64)
   @ DataFrames ~/.julia/packages/DataFrames/LteEl/src/dataframe/dataframe.jl:525
 [3] top-level scope
   @ ~/stephenz/locaTE-paper/tools/SCODE/SCODE.jl:29
in expression starting at /home/stephenz/stephenz/locaTE-paper/tools/SCODE/SCODE.jl:29
a
mv: cannot stat 'SCODE_D_4/A.txt': No such file or directory
mkdir: cannot create directory ‘SCODE_D_6’: File exists
┌ Warning: Assignment to `WZ` in soft scope is ambiguous because a global variable by the same name exists: `WZ` will be treated as a new local. Disambiguate by using `local WZ` to suppress this warning or `global WZ` to assign to the existing global variable.
└ @ ~/stephenz/locaTE-paper/tools/SCODE/SCODE.jl:69
a
┌ Warning: Assignment to `WZ` in soft scope is ambiguous because a global variable by the same name exists: `WZ` will be treated as a new local. Disambiguate by using `local WZ` to suppress this warning or `global WZ` to assign to the existing global variable.
└ @ ~/stephenz/locaTE-paper/tools/SCODE/SCODE.jl:69
a
ERROR: LoadError: BoundsError: attempt to access data frame with 0 columns at index [2]
Stacktrace:
 [1] getindex
   @ ~/.julia/packages/DataFrames/LteEl/src/other/index.jl:193 [inlined]
 [2] getindex(df::DataFrame, row_inds::UnitRange{Int64}, col_ind::Int64)
   @ DataFrames ~/.julia/packages/DataFrames/LteEl/src/dataframe/dataframe.jl:525
 [3] top-level scope
   @ ~/stephenz/locaTE-paper/tools/SCODE/SCODE.jl:29
in expression starting at /home/stephenz/stephenz/locaTE-paper/tools/SCODE/SCODE.jl:29
a
mv: cannot stat 'SCODE_D_6/A.txt': No such file or directory
mkdir: cannot create directory ‘SCODE_D_8’: File exists
┌ Warning: Assignment to `WZ` in soft scope is ambiguous because a global variable by the same name exists: `WZ` will be treated as a new local. Disambiguate by using `local WZ` to suppress this warning or `global WZ` to assign to the existing global variable.
└ @ ~/stephenz/locaTE-paper/tools/SCODE/SCODE.jl:69
a
┌ Warning: Assignment to `WZ` in soft scope is ambiguous because a global variable by the same name exists: `WZ` will be treated as a new local. Disambiguate by using `local WZ` to suppress this warning or `global WZ` to assign to the existing global variable.
└ @ ~/stephenz/locaTE-paper/tools/SCODE/SCODE.jl:69
a
ERROR: LoadError: BoundsError: attempt to access data frame with 0 columns at index [2]
Stacktrace:
 [1] getindex
   @ ~/.julia/packages/DataFrames/LteEl/src/other/index.jl:193 [inlined]
 [2] getindex(df::DataFrame, row_inds::UnitRange{Int64}, col_ind::Int64)
   @ DataFrames ~/.julia/packages/DataFrames/LteEl/src/dataframe/dataframe.jl:525
 [3] top-level scope
   @ ~/stephenz/locaTE-paper/tools/SCODE/SCODE.jl:29
in expression starting at /home/stephenz/stephenz/locaTE-paper/tools/SCODE/SCODE.jl:29
a
mv: cannot stat 'SCODE_D_8/A.txt': No such file or directory
mkdir: cannot create directory ‘SCODE_D_2’: File exists
┌ Warning: Assignment to `WZ` in soft scope is ambiguous because a global variable by the same name exists: `WZ` will be treated as a new local. Disambiguate by using `local WZ` to suppress this warning or `global WZ` to assign to the existing global variable.
└ @ ~/stephenz/locaTE-paper/tools/SCODE/SCODE.jl:69
a
┌ Warning: Assignment to `WZ` in soft scope is ambiguous because a global variable by the same name exists: `WZ` will be treated as a new local. Disambiguate by using `local WZ` to suppress this warning or `global WZ` to assign to the existing global variable.
└ @ ~/stephenz/locaTE-paper/tools/SCODE/SCODE.jl:69
a
ERROR: LoadError: BoundsError: attempt to access data frame with 0 columns at index [2]
Stacktrace:
 [1] getindex
   @ ~/.julia/packages/DataFrames/LteEl/src/other/index.jl:193 [inlined]
 [2] getindex(df::DataFrame, row_inds::UnitRange{Int64}, col_ind::Int64)
   @ DataFrames ~/.julia/packages/DataFrames/LteEl/src/dataframe/dataframe.jl:525
 [3] top-level scope
   @ ~/stephenz/locaTE-paper/tools/SCODE/SCODE.jl:29
in expression starting at /home/stephenz/stephenz/locaTE-paper/tools/SCODE/SCODE.jl:29
a
mv: cannot stat 'SCODE_D_2/A.txt': No such file or directory
mkdir: cannot create directory ‘SCODE_D_4’: File exists
┌ Warning: Assignment to `WZ` in soft scope is ambiguous because a global variable by the same name exists: `WZ` will be treated as a new local. Disambiguate by using `local WZ` to suppress this warning or `global WZ` to assign to the existing global variable.
└ @ ~/stephenz/locaTE-paper/tools/SCODE/SCODE.jl:69
a
┌ Warning: Assignment to `WZ` in soft scope is ambiguous because a global variable by the same name exists: `WZ` will be treated as a new local. Disambiguate by using `local WZ` to suppress this warning or `global WZ` to assign to the existing global variable.
└ @ ~/stephenz/locaTE-paper/tools/SCODE/SCODE.jl:69
a
ERROR: LoadError: BoundsError: attempt to access data frame with 0 columns at index [2]
Stacktrace:
 [1] getindex
   @ ~/.julia/packages/DataFrames/LteEl/src/other/index.jl:193 [inlined]
 [2] getindex(df::DataFrame, row_inds::UnitRange{Int64}, col_ind::Int64)
   @ DataFrames ~/.julia/packages/DataFrames/LteEl/src/dataframe/dataframe.jl:525
 [3] top-level scope
   @ ~/stephenz/locaTE-paper/tools/SCODE/SCODE.jl:29
in expression starting at /home/stephenz/stephenz/locaTE-paper/tools/SCODE/SCODE.jl:29
a
mv: cannot stat 'SCODE_D_4/A.txt': No such file or directory
mkdir: cannot create directory ‘SCODE_D_6’: File exists
┌ Warning: Assignment to `WZ` in soft scope is ambiguous because a global variable by the same name exists: `WZ` will be treated as a new local. Disambiguate by using `local WZ` to suppress this warning or `global WZ` to assign to the existing global variable.
└ @ ~/stephenz/locaTE-paper/tools/SCODE/SCODE.jl:69
a
┌ Warning: Assignment to `WZ` in soft scope is ambiguous because a global variable by the same name exists: `WZ` will be treated as a new local. Disambiguate by using `local WZ` to suppress this warning or `global WZ` to assign to the existing global variable.
└ @ ~/stephenz/locaTE-paper/tools/SCODE/SCODE.jl:69
a
ERROR: LoadError: BoundsError: attempt to access data frame with 0 columns at index [2]
Stacktrace:
 [1] getindex
   @ ~/.julia/packages/DataFrames/LteEl/src/other/index.jl:193 [inlined]
 [2] getindex(df::DataFrame, row_inds::UnitRange{Int64}, col_ind::Int64)
   @ DataFrames ~/.julia/packages/DataFrames/LteEl/src/dataframe/dataframe.jl:525
 [3] top-level scope
   @ ~/stephenz/locaTE-paper/tools/SCODE/SCODE.jl:29
in expression starting at /home/stephenz/stephenz/locaTE-paper/tools/SCODE/SCODE.jl:29
a
mv: cannot stat 'SCODE_D_6/A.txt': No such file or directory
mkdir: cannot create directory ‘SCODE_D_8’: File exists
┌ Warning: Assignment to `WZ` in soft scope is ambiguous because a global variable by the same name exists: `WZ` will be treated as a new local. Disambiguate by using `local WZ` to suppress this warning or `global WZ` to assign to the existing global variable.
└ @ ~/stephenz/locaTE-paper/tools/SCODE/SCODE.jl:69
a
┌ Warning: Assignment to `WZ` in soft scope is ambiguous because a global variable by the same name exists: `WZ` will be treated as a new local. Disambiguate by using `local WZ` to suppress this warning or `global WZ` to assign to the existing global variable.
└ @ ~/stephenz/locaTE-paper/tools/SCODE/SCODE.jl:69
a
ERROR: LoadError: BoundsError: attempt to access data frame with 0 columns at index [2]
Stacktrace:
 [1] getindex
   @ ~/.julia/packages/DataFrames/LteEl/src/other/index.jl:193 [inlined]
 [2] getindex(df::DataFrame, row_inds::UnitRange{Int64}, col_ind::Int64)
   @ DataFrames ~/.julia/packages/DataFrames/LteEl/src/dataframe/dataframe.jl:525
 [3] top-level scope
   @ ~/stephenz/locaTE-paper/tools/SCODE/SCODE.jl:29
in expression starting at /home/stephenz/stephenz/locaTE-paper/tools/SCODE/SCODE.jl:29
a
mv: cannot stat 'SCODE_D_8/A.txt': No such file or directory
mkdir: cannot create directory ‘SCODE_D_2’: File exists
┌ Warning: Assignment to `WZ` in soft scope is ambiguous because a global variable by the same name exists: `WZ` will be treated as a new local. Disambiguate by using `local WZ` to suppress this warning or `global WZ` to assign to the existing global variable.
└ @ ~/stephenz/locaTE-paper/tools/SCODE/SCODE.jl:69
a
┌ Warning: Assignment to `WZ` in soft scope is ambiguous because a global variable by the same name exists: `WZ` will be treated as a new local. Disambiguate by using `local WZ` to suppress this warning or `global WZ` to assign to the existing global variable.
└ @ ~/stephenz/locaTE-paper/tools/SCODE/SCODE.jl:69
a
ERROR: LoadError: BoundsError: attempt to access data frame with 0 columns at index [2]
Stacktrace:
 [1] getindex
   @ ~/.julia/packages/DataFrames/LteEl/src/other/index.jl:193 [inlined]
 [2] getindex(df::DataFrame, row_inds::UnitRange{Int64}, col_ind::Int64)
   @ DataFrames ~/.julia/packages/DataFrames/LteEl/src/dataframe/dataframe.jl:525
 [3] top-level scope
   @ ~/stephenz/locaTE-paper/tools/SCODE/SCODE.jl:29
in expression starting at /home/stephenz/stephenz/locaTE-paper/tools/SCODE/SCODE.jl:29
a
mv: cannot stat 'SCODE_D_2/A.txt': No such file or directory
mkdir: cannot create directory ‘SCODE_D_4’: File exists
┌ Warning: Assignment to `WZ` in soft scope is ambiguous because a global variable by the same name exists: `WZ` will be treated as a new local. Disambiguate by using `local WZ` to suppress this warning or `global WZ` to assign to the existing global variable.
└ @ ~/stephenz/locaTE-paper/tools/SCODE/SCODE.jl:69
a
┌ Warning: Assignment to `WZ` in soft scope is ambiguous because a global variable by the same name exists: `WZ` will be treated as a new local. Disambiguate by using `local WZ` to suppress this warning or `global WZ` to assign to the existing global variable.
└ @ ~/stephenz/locaTE-paper/tools/SCODE/SCODE.jl:69
a
ERROR: LoadError: BoundsError: attempt to access data frame with 0 columns at index [2]
Stacktrace:
 [1] getindex
   @ ~/.julia/packages/DataFrames/LteEl/src/other/index.jl:193 [inlined]
 [2] getindex(df::DataFrame, row_inds::UnitRange{Int64}, col_ind::Int64)
   @ DataFrames ~/.julia/packages/DataFrames/LteEl/src/dataframe/dataframe.jl:525
 [3] top-level scope
   @ ~/stephenz/locaTE-paper/tools/SCODE/SCODE.jl:29
in expression starting at /home/stephenz/stephenz/locaTE-paper/tools/SCODE/SCODE.jl:29
a
mv: cannot stat 'SCODE_D_4/A.txt': No such file or directory
mkdir: cannot create directory ‘SCODE_D_6’: File exists
┌ Warning: Assignment to `WZ` in soft scope is ambiguous because a global variable by the same name exists: `WZ` will be treated as a new local. Disambiguate by using `local WZ` to suppress this warning or `global WZ` to assign to the existing global variable.
└ @ ~/stephenz/locaTE-paper/tools/SCODE/SCODE.jl:69
a
┌ Warning: Assignment to `WZ` in soft scope is ambiguous because a global variable by the same name exists: `WZ` will be treated as a new local. Disambiguate by using `local WZ` to suppress this warning or `global WZ` to assign to the existing global variable.
└ @ ~/stephenz/locaTE-paper/tools/SCODE/SCODE.jl:69
a
ERROR: LoadError: BoundsError: attempt to access data frame with 0 columns at index [2]
Stacktrace:
 [1] getindex
   @ ~/.julia/packages/DataFrames/LteEl/src/other/index.jl:193 [inlined]
 [2] getindex(df::DataFrame, row_inds::UnitRange{Int64}, col_ind::Int64)
   @ DataFrames ~/.julia/packages/DataFrames/LteEl/src/dataframe/dataframe.jl:525
 [3] top-level scope
   @ ~/stephenz/locaTE-paper/tools/SCODE/SCODE.jl:29
in expression starting at /home/stephenz/stephenz/locaTE-paper/tools/SCODE/SCODE.jl:29
a
mv: cannot stat 'SCODE_D_6/A.txt': No such file or directory
mkdir: cannot create directory ‘SCODE_D_8’: File exists
┌ Warning: Assignment to `WZ` in soft scope is ambiguous because a global variable by the same name exists: `WZ` will be treated as a new local. Disambiguate by using `local WZ` to suppress this warning or `global WZ` to assign to the existing global variable.
└ @ ~/stephenz/locaTE-paper/tools/SCODE/SCODE.jl:69
a
┌ Warning: Assignment to `WZ` in soft scope is ambiguous because a global variable by the same name exists: `WZ` will be treated as a new local. Disambiguate by using `local WZ` to suppress this warning or `global WZ` to assign to the existing global variable.
└ @ ~/stephenz/locaTE-paper/tools/SCODE/SCODE.jl:69
a
ERROR: LoadError: BoundsError: attempt to access data frame with 0 columns at index [2]
Stacktrace:
 [1] getindex
   @ ~/.julia/packages/DataFrames/LteEl/src/other/index.jl:193 [inlined]
 [2] getindex(df::DataFrame, row_inds::UnitRange{Int64}, col_ind::Int64)
   @ DataFrames ~/.julia/packages/DataFrames/LteEl/src/dataframe/dataframe.jl:525
 [3] top-level scope
   @ ~/stephenz/locaTE-paper/tools/SCODE/SCODE.jl:29
in expression starting at /home/stephenz/stephenz/locaTE-paper/tools/SCODE/SCODE.jl:29
a
mv: cannot stat 'SCODE_D_8/A.txt': No such file or directory
Tree method: RF
K: sqrt
Number of trees: 1000


running single threaded jobs
Gene 1/9...
Gene 2/9...
Gene 3/9...
Gene 4/9...
Gene 5/9...
Gene 6/9...
Gene 7/9...
Gene 8/9...
Gene 9/9...
Elapsed time: 16.43 seconds
Traceback (most recent call last):
  File "/home/stephenz/stephenz/locaTE-paper/data/simulated/Synthetic_1000/scripts/run_static.py", line 108, in <module>
    A_2 = pd.read_csv(fname + "/A_branch2_rep_%d.txt" % i, sep = "\t", index_col = False, header = None)
  File "/data/gpfs/projects/punim0638/stephenz/envs/py39/lib/python3.9/site-packages/pandas/util/_decorators.py", line 211, in wrapper
    return func(*args, **kwargs)
  File "/data/gpfs/projects/punim0638/stephenz/envs/py39/lib/python3.9/site-packages/pandas/util/_decorators.py", line 331, in wrapper
    return func(*args, **kwargs)
  File "/data/gpfs/projects/punim0638/stephenz/envs/py39/lib/python3.9/site-packages/pandas/io/parsers/readers.py", line 950, in read_csv
    return _read(filepath_or_buffer, kwds)
  File "/data/gpfs/projects/punim0638/stephenz/envs/py39/lib/python3.9/site-packages/pandas/io/parsers/readers.py", line 605, in _read
    parser = TextFileReader(filepath_or_buffer, **kwds)
  File "/data/gpfs/projects/punim0638/stephenz/envs/py39/lib/python3.9/site-packages/pandas/io/parsers/readers.py", line 1442, in __init__
    self._engine = self._make_engine(f, self.engine)
  File "/data/gpfs/projects/punim0638/stephenz/envs/py39/lib/python3.9/site-packages/pandas/io/parsers/readers.py", line 1735, in _make_engine
    self.handles = get_handle(
  File "/data/gpfs/projects/punim0638/stephenz/envs/py39/lib/python3.9/site-packages/pandas/io/common.py", line 856, in get_handle
    handle = open(
FileNotFoundError: [Errno 2] No such file or directory: '/data/gpfs/projects/punim0638/stephenz/locaTE-paper/data/simulated/Synthetic_1000/dyn-BFStrange/dyn-BFStrange-1000-10/scode/SCODE_D_8/A_branch2_rep_1.txt'
